Flow report for vr
Fri Jun  2 10:40:05 2017
Quartus II 32-bit Version 13.0.1 Build 232 06/12/2013 Service Pack 1 SJ Web Edition


---------------------
; Table of Contents ;
---------------------
  1. Legal Notice
  2. Flow Summary
  3. Flow Settings
  4. Flow Non-Default Global Settings
  5. Flow Elapsed Time
  6. Flow OS Summary
  7. Flow Log
  8. Flow Messages
  9. Flow Suppressed Messages



----------------
; Legal Notice ;
----------------
Copyright (C) 1991-2013 Altera Corporation
Your use of Altera Corporation's design tools, logic functions 
and other software and tools, and its AMPP partner logic 
functions, and any output files from any of the foregoing 
(including device programming or simulation files), and any 
associated documentation or information are expressly subject 
to the terms and conditions of the Altera Program License 
Subscription Agreement, Altera MegaCore Function License 
Agreement, or other applicable license agreement, including, 
without limitation, that your use is for the sole purpose of 
programming logic devices manufactured by Altera and sold by 
Altera or its authorized distributors.  Please refer to the 
applicable agreement for further details.



+--------------------------------------------------------------------------------------+
; Flow Summary                                                                         ;
+------------------------------------+-------------------------------------------------+
; Flow Status                        ; Successful - Fri Jun  2 10:39:59 2017           ;
; Quartus II 32-bit Version          ; 13.0.1 Build 232 06/12/2013 SP 1 SJ Web Edition ;
; Revision Name                      ; vr                                              ;
; Top-level Entity Name              ; vr                                              ;
; Family                             ; Cyclone II                                      ;
; Device                             ; EP2C35F672C6                                    ;
; Timing Models                      ; Final                                           ;
; Total logic elements               ; 2,482 / 33,216 ( 7 % )                          ;
;     Total combinational functions  ; 2,361 / 33,216 ( 7 % )                          ;
;     Dedicated logic registers      ; 1,213 / 33,216 ( 4 % )                          ;
; Total registers                    ; 1279                                            ;
; Total pins                         ; 159 / 475 ( 33 % )                              ;
; Total virtual pins                 ; 0                                               ;
; Total memory bits                  ; 87,040 / 483,840 ( 18 % )                       ;
; Embedded Multiplier 9-bit elements ; 0 / 70 ( 0 % )                                  ;
; Total PLLs                         ; 1 / 4 ( 25 % )                                  ;
+------------------------------------+-------------------------------------------------+


+-----------------------------------------+
; Flow Settings                           ;
+-------------------+---------------------+
; Option            ; Setting             ;
+-------------------+---------------------+
; Start date & time ; 06/02/2017 10:38:59 ;
; Main task         ; Compilation         ;
; Revision Name     ; vr                  ;
+-------------------+---------------------+


+-----------------------------------------------------------------------------------------------------------------------------------+
; Flow Non-Default Global Settings                                                                                                  ;
+-----------------------------------------------+-----------------------+--------------------------------+-------------+------------+
; Assignment Name                               ; Value                 ; Default Value                  ; Entity Name ; Section Id ;
+-----------------------------------------------+-----------------------+--------------------------------+-------------+------------+
; ALLOW_ANY_SHIFT_REGISTER_SIZE_FOR_RECOGNITION ; On                    ; Off                            ; --          ; --         ;
; COMPILER_SIGNATURE_ID                         ; 0.149641073903804     ; --                             ; --          ; --         ;
; CYCLONEII_OPTIMIZATION_TECHNIQUE              ; Speed                 ; Balanced                       ; --          ; --         ;
; NUM_PARALLEL_PROCESSORS                       ; 4                     ; --                             ; --          ; --         ;
; OPTIMIZE_HOLD_TIMING                          ; All Paths             ; IO Paths and Minimum TPD Paths ; --          ; --         ;
; PARTITION_COLOR                               ; 2147039               ; --                             ; --          ; Top        ;
; PARTITION_FITTER_PRESERVATION_LEVEL           ; PLACEMENT_AND_ROUTING ; --                             ; --          ; Top        ;
; PARTITION_NETLIST_TYPE                        ; SOURCE                ; --                             ; --          ; Top        ;
; SMART_RECOMPILE                               ; On                    ; Off                            ; --          ; --         ;
; STATE_MACHINE_PROCESSING                      ; User-Encoded          ; Auto                           ; --          ; --         ;
; USE_GENERATED_PHYSICAL_CONSTRAINTS            ; Off                   ; --                             ; --          ; eda_palace ;
; VERILOG_INPUT_VERSION                         ; SystemVerilog_2005    ; Verilog_2001                   ; --          ; --         ;
; VERILOG_SHOW_LMF_MAPPING_MESSAGES             ; Off                   ; --                             ; --          ; --         ;
+-----------------------------------------------+-----------------------+--------------------------------+-------------+------------+


+-------------------------------------------------------------------------------------------------------------------------------+
; Flow Elapsed Time                                                                                                             ;
+---------------------------+--------------+-------------------------+---------------------+------------------------------------+
; Module Name               ; Elapsed Time ; Average Processors Used ; Peak Virtual Memory ; Total CPU Time (on all processors) ;
+---------------------------+--------------+-------------------------+---------------------+------------------------------------+
; Analysis & Synthesis      ; 00:00:16     ; 1.0                     ; 369 MB              ; 00:00:15                           ;
; Fitter                    ; 00:00:30     ; 1.0                     ; 502 MB              ; 00:00:25                           ;
; Assembler                 ; 00:00:04     ; 1.0                     ; 347 MB              ; 00:00:04                           ;
; TimeQuest Timing Analyzer ; 00:00:02     ; 1.0                     ; 335 MB              ; 00:00:03                           ;
; Total                     ; 00:00:52     ; --                      ; --                  ; 00:00:47                           ;
+---------------------------+--------------+-------------------------+---------------------+------------------------------------+


+-------------------------------------------------------------------------------------------+
; Flow OS Summary                                                                           ;
+---------------------------+------------------+-------------+-------------+----------------+
; Module Name               ; Machine Hostname ; OS Name     ; OS Version  ; Processor type ;
+---------------------------+------------------+-------------+-------------+----------------+
; Analysis & Synthesis      ; sistenix         ; Fedora Core ; Fedora Core ; x86_64         ;
; Fitter                    ; sistenix         ; Fedora Core ; Fedora Core ; x86_64         ;
; Assembler                 ; sistenix         ; Fedora Core ; Fedora Core ; x86_64         ;
; TimeQuest Timing Analyzer ; sistenix         ; Fedora Core ; Fedora Core ; x86_64         ;
+---------------------------+------------------+-------------+-------------+----------------+


------------
; Flow Log ;
------------
quartus_map --read_settings_files=on --write_settings_files=off vr -c vr
quartus_fit --read_settings_files=off --write_settings_files=off vr -c vr
quartus_asm --read_settings_files=off --write_settings_files=off vr -c vr
quartus_sta vr -c vr



